CRITICAL - 2026-05-12 08:13:32 --> CodeIgniter\View\Exceptions\ViewException: Invalid file: "inscription.html"
[Method: GET, Route: inscription]
in SYSTEMPATH/Exceptions/FrameworkException.php on line 39.
 1 SYSTEMPATH/View/View.php(228): CodeIgniter\Exceptions\FrameworkException::forInvalidFile('inscription.html')
 2 SYSTEMPATH/Common.php(1250): CodeIgniter\View\View->render('inscription.html', [], true)
 3 APPPATH/Controllers/Home.php(24): view('inscription.html')
 4 SYSTEMPATH/CodeIgniter.php(951): App\Controllers\Home->inscription()
 5 SYSTEMPATH/CodeIgniter.php(497): CodeIgniter\CodeIgniter->runController(Object(App\Controllers\Home))
 6 SYSTEMPATH/CodeIgniter.php(340): CodeIgniter\CodeIgniter->handleRequest(null, Object(Config\Cache), false)
 7 SYSTEMPATH/Boot.php(417): CodeIgniter\CodeIgniter->run()
 8 SYSTEMPATH/Boot.php(68): CodeIgniter\Boot::runCodeIgniter(Object(CodeIgniter\CodeIgniter))
 9 FCPATH/index.php(59): CodeIgniter\Boot::bootWeb(Object(Config\Paths))
CRITICAL - 2026-05-12 08:13:35 --> CodeIgniter\View\Exceptions\ViewException: Invalid file: "inscription.html"
[Method: GET, Route: inscription]
in SYSTEMPATH/Exceptions/FrameworkException.php on line 39.
 1 SYSTEMPATH/View/View.php(228): CodeIgniter\Exceptions\FrameworkException::forInvalidFile('inscription.html')
 2 SYSTEMPATH/Common.php(1250): CodeIgniter\View\View->render('inscription.html', [], true)
 3 APPPATH/Controllers/Home.php(24): view('inscription.html')
 4 SYSTEMPATH/CodeIgniter.php(951): App\Controllers\Home->inscription()
 5 SYSTEMPATH/CodeIgniter.php(497): CodeIgniter\CodeIgniter->runController(Object(App\Controllers\Home))
 6 SYSTEMPATH/CodeIgniter.php(340): CodeIgniter\CodeIgniter->handleRequest(null, Object(Config\Cache), false)
 7 SYSTEMPATH/Boot.php(417): CodeIgniter\CodeIgniter->run()
 8 SYSTEMPATH/Boot.php(68): CodeIgniter\Boot::runCodeIgniter(Object(CodeIgniter\CodeIgniter))
 9 FCPATH/index.php(59): CodeIgniter\Boot::bootWeb(Object(Config\Paths))
CRITICAL - 2026-05-12 08:13:48 --> CodeIgniter\View\Exceptions\ViewException: Invalid file: "inscription.html"
[Method: GET, Route: inscription]
in SYSTEMPATH/Exceptions/FrameworkException.php on line 39.
 1 SYSTEMPATH/View/View.php(228): CodeIgniter\Exceptions\FrameworkException::forInvalidFile('inscription.html')
 2 SYSTEMPATH/Common.php(1250): CodeIgniter\View\View->render('inscription.html', [], true)
 3 APPPATH/Controllers/Home.php(24): view('inscription.html')
 4 SYSTEMPATH/CodeIgniter.php(951): App\Controllers\Home->inscription()
 5 SYSTEMPATH/CodeIgniter.php(497): CodeIgniter\CodeIgniter->runController(Object(App\Controllers\Home))
 6 SYSTEMPATH/CodeIgniter.php(340): CodeIgniter\CodeIgniter->handleRequest(null, Object(Config\Cache), false)
 7 SYSTEMPATH/Boot.php(417): CodeIgniter\CodeIgniter->run()
 8 SYSTEMPATH/Boot.php(68): CodeIgniter\Boot::runCodeIgniter(Object(CodeIgniter\CodeIgniter))
 9 FCPATH/index.php(59): CodeIgniter\Boot::bootWeb(Object(Config\Paths))
CRITICAL - 2026-05-12 08:13:52 --> CodeIgniter\View\Exceptions\ViewException: Invalid file: "inscription.html"
[Method: GET, Route: inscription]
in SYSTEMPATH/Exceptions/FrameworkException.php on line 39.
 1 SYSTEMPATH/View/View.php(228): CodeIgniter\Exceptions\FrameworkException::forInvalidFile('inscription.html')
 2 SYSTEMPATH/Common.php(1250): CodeIgniter\View\View->render('inscription.html', [], true)
 3 APPPATH/Controllers/Home.php(24): view('inscription.html')
 4 SYSTEMPATH/CodeIgniter.php(951): App\Controllers\Home->inscription()
 5 SYSTEMPATH/CodeIgniter.php(497): CodeIgniter\CodeIgniter->runController(Object(App\Controllers\Home))
 6 SYSTEMPATH/CodeIgniter.php(340): CodeIgniter\CodeIgniter->handleRequest(null, Object(Config\Cache), false)
 7 SYSTEMPATH/Boot.php(417): CodeIgniter\CodeIgniter->run()
 8 SYSTEMPATH/Boot.php(68): CodeIgniter\Boot::runCodeIgniter(Object(CodeIgniter\CodeIgniter))
 9 FCPATH/index.php(59): CodeIgniter\Boot::bootWeb(Object(Config\Paths))
