CRITICAL - 2026-04-21 08:19:56 --> ErrorException: Undefined array key "id"
[Method: GET, Route: liste]
in APPPATH/Views/liste_livres.php on line 29.
 1 APPPATH/Views/liste_livres.php(29): CodeIgniter\Debug\Exceptions->errorHandler()
 2 SYSTEMPATH/View/View.php(240): include('/opt/lampp/htdocs/S4/codeigniter4-framework-v4.7.2-0-gb3359be/codeigniter4-framework-b3359be/app/Views/liste_livres.php')
 3 SYSTEMPATH/View/View.php(243): CodeIgniter\View\View->CodeIgniter\View\{closure}()
 4 SYSTEMPATH/Common.php(1250): CodeIgniter\View\View->render()
 5 APPPATH/Controllers/LivreController.php(16): view()
 6 SYSTEMPATH/CodeIgniter.php(951): App\Controllers\LivreController->get_liste_livre()
 7 SYSTEMPATH/CodeIgniter.php(497): CodeIgniter\CodeIgniter->runController()
 8 SYSTEMPATH/CodeIgniter.php(340): CodeIgniter\CodeIgniter->handleRequest()
 9 SYSTEMPATH/Boot.php(417): CodeIgniter\CodeIgniter->run()
10 SYSTEMPATH/Boot.php(68): CodeIgniter\Boot::runCodeIgniter()
11 FCPATH/index.php(59): CodeIgniter\Boot::bootWeb()
CRITICAL - 2026-04-21 08:20:00 --> ErrorException: Undefined array key "id"
[Method: GET, Route: liste]
in APPPATH/Views/liste_livres.php on line 29.
 1 APPPATH/Views/liste_livres.php(29): CodeIgniter\Debug\Exceptions->errorHandler()
 2 SYSTEMPATH/View/View.php(240): include('/opt/lampp/htdocs/S4/codeigniter4-framework-v4.7.2-0-gb3359be/codeigniter4-framework-b3359be/app/Views/liste_livres.php')
 3 SYSTEMPATH/View/View.php(243): CodeIgniter\View\View->CodeIgniter\View\{closure}()
 4 SYSTEMPATH/Common.php(1250): CodeIgniter\View\View->render()
 5 APPPATH/Controllers/LivreController.php(16): view()
 6 SYSTEMPATH/CodeIgniter.php(951): App\Controllers\LivreController->get_liste_livre()
 7 SYSTEMPATH/CodeIgniter.php(497): CodeIgniter\CodeIgniter->runController()
 8 SYSTEMPATH/CodeIgniter.php(340): CodeIgniter\CodeIgniter->handleRequest()
 9 SYSTEMPATH/Boot.php(417): CodeIgniter\CodeIgniter->run()
10 SYSTEMPATH/Boot.php(68): CodeIgniter\Boot::runCodeIgniter()
11 FCPATH/index.php(59): CodeIgniter\Boot::bootWeb()
CRITICAL - 2026-04-21 08:23:09 --> ErrorException: Undefined array key "id"
[Method: GET, Route: liste]
in APPPATH/Views/liste_livres.php on line 29.
 1 APPPATH/Views/liste_livres.php(29): CodeIgniter\Debug\Exceptions->errorHandler()
 2 SYSTEMPATH/View/View.php(240): include('/opt/lampp/htdocs/S4/codeigniter4-framework-v4.7.2-0-gb3359be/codeigniter4-framework-b3359be/app/Views/liste_livres.php')
 3 SYSTEMPATH/View/View.php(243): CodeIgniter\View\View->CodeIgniter\View\{closure}()
 4 SYSTEMPATH/Common.php(1250): CodeIgniter\View\View->render()
 5 APPPATH/Controllers/LivreController.php(16): view()
 6 SYSTEMPATH/CodeIgniter.php(951): App\Controllers\LivreController->get_liste_livre()
 7 SYSTEMPATH/CodeIgniter.php(497): CodeIgniter\CodeIgniter->runController()
 8 SYSTEMPATH/CodeIgniter.php(340): CodeIgniter\CodeIgniter->handleRequest()
 9 SYSTEMPATH/Boot.php(417): CodeIgniter\CodeIgniter->run()
10 SYSTEMPATH/Boot.php(68): CodeIgniter\Boot::runCodeIgniter()
11 FCPATH/index.php(59): CodeIgniter\Boot::bootWeb()
CRITICAL - 2026-04-21 08:23:12 --> ErrorException: Undefined array key "id"
[Method: GET, Route: liste]
in APPPATH/Views/liste_livres.php on line 29.
 1 APPPATH/Views/liste_livres.php(29): CodeIgniter\Debug\Exceptions->errorHandler()
 2 SYSTEMPATH/View/View.php(240): include('/opt/lampp/htdocs/S4/codeigniter4-framework-v4.7.2-0-gb3359be/codeigniter4-framework-b3359be/app/Views/liste_livres.php')
 3 SYSTEMPATH/View/View.php(243): CodeIgniter\View\View->CodeIgniter\View\{closure}()
 4 SYSTEMPATH/Common.php(1250): CodeIgniter\View\View->render()
 5 APPPATH/Controllers/LivreController.php(16): view()
 6 SYSTEMPATH/CodeIgniter.php(951): App\Controllers\LivreController->get_liste_livre()
 7 SYSTEMPATH/CodeIgniter.php(497): CodeIgniter\CodeIgniter->runController()
 8 SYSTEMPATH/CodeIgniter.php(340): CodeIgniter\CodeIgniter->handleRequest()
 9 SYSTEMPATH/Boot.php(417): CodeIgniter\CodeIgniter->run()
10 SYSTEMPATH/Boot.php(68): CodeIgniter\Boot::runCodeIgniter()
11 FCPATH/index.php(59): CodeIgniter\Boot::bootWeb()
CRITICAL - 2026-04-21 08:23:25 --> ErrorException: Undefined array key "id"
[Method: GET, Route: liste]
in APPPATH/Views/liste_livres.php on line 29.
 1 APPPATH/Views/liste_livres.php(29): CodeIgniter\Debug\Exceptions->errorHandler()
 2 SYSTEMPATH/View/View.php(240): include('/opt/lampp/htdocs/S4/codeigniter4-framework-v4.7.2-0-gb3359be/codeigniter4-framework-b3359be/app/Views/liste_livres.php')
 3 SYSTEMPATH/View/View.php(243): CodeIgniter\View\View->CodeIgniter\View\{closure}()
 4 SYSTEMPATH/Common.php(1250): CodeIgniter\View\View->render()
 5 APPPATH/Controllers/LivreController.php(16): view()
 6 SYSTEMPATH/CodeIgniter.php(951): App\Controllers\LivreController->get_liste_livre()
 7 SYSTEMPATH/CodeIgniter.php(497): CodeIgniter\CodeIgniter->runController()
 8 SYSTEMPATH/CodeIgniter.php(340): CodeIgniter\CodeIgniter->handleRequest()
 9 SYSTEMPATH/Boot.php(417): CodeIgniter\CodeIgniter->run()
10 SYSTEMPATH/Boot.php(68): CodeIgniter\Boot::runCodeIgniter()
11 FCPATH/index.php(59): CodeIgniter\Boot::bootWeb()
CRITICAL - 2026-04-21 08:25:10 --> ErrorException: Undefined array key "id"
[Method: GET, Route: liste]
in APPPATH/Views/liste_livres.php on line 29.
 1 APPPATH/Views/liste_livres.php(29): CodeIgniter\Debug\Exceptions->errorHandler()
 2 SYSTEMPATH/View/View.php(240): include('/opt/lampp/htdocs/S4/codeigniter4-framework-v4.7.2-0-gb3359be/codeigniter4-framework-b3359be/app/Views/liste_livres.php')
 3 SYSTEMPATH/View/View.php(243): CodeIgniter\View\View->CodeIgniter\View\{closure}()
 4 SYSTEMPATH/Common.php(1250): CodeIgniter\View\View->render()
 5 APPPATH/Controllers/LivreController.php(16): view()
 6 SYSTEMPATH/CodeIgniter.php(951): App\Controllers\LivreController->get_liste_livre()
 7 SYSTEMPATH/CodeIgniter.php(497): CodeIgniter\CodeIgniter->runController()
 8 SYSTEMPATH/CodeIgniter.php(340): CodeIgniter\CodeIgniter->handleRequest()
 9 SYSTEMPATH/Boot.php(417): CodeIgniter\CodeIgniter->run()
10 SYSTEMPATH/Boot.php(68): CodeIgniter\Boot::runCodeIgniter()
11 FCPATH/index.php(59): CodeIgniter\Boot::bootWeb()
